<?xml version="1.0" encoding="utf-8"?>
<coverage line-rate="0.23300970873786409" branch-rate="0" complexity="0" branches-covered="0" branches-valid="0" timestamp="1787221289" lines-covered="24" lines-valid="103" version="0">
  <sources>
    <source>C:</source>
  </sources>
  <packages>
    <package name="C:\a\OpenCppCoverage-ARM64\OpenCppCoverage-ARM64\ARM64\Release\TestCoverageConsole.exe" line-rate="0.23300970873786409" branch-rate="0" complexity="0">
      <classes>
        <class name="FileWithSpecialCharéàè.hpp" filename="a\OpenCppCoverage-ARM64\OpenCppCoverage-ARM64\TestCoverageConsole\FileWithSpecialCharéàè.hpp" line-rate="0" branch-rate="0" complexity="0">
          <methods/>
          <lines>
            <line number="25" hits="0"/>
            <line number="26" hits="0"/>
          </lines>
        </class>
        <class name="SpecialLineInfo.cpp" filename="a\OpenCppCoverage-ARM64\OpenCppCoverage-ARM64\TestCoverageConsole\SpecialLineInfo.cpp" line-rate="0" branch-rate="0" complexity="0">
          <methods/>
          <lines>
            <line number="24" hits="0"/>
            <line number="28" hits="0"/>
            <line number="31" hits="0"/>
            <line number="32" hits="0"/>
          </lines>
        </class>
        <class name="TestBasic.cpp" filename="a\OpenCppCoverage-ARM64\OpenCppCoverage-ARM64\TestCoverageConsole\TestBasic.cpp" line-rate="0.083333333333333329" branch-rate="0" complexity="0">
          <methods/>
          <lines>
            <line number="33" hits="1"/>
            <line number="34" hits="1"/>
            <line number="36" hits="0"/>
            <line number="42" hits="0"/>
            <line number="43" hits="0"/>
            <line number="45" hits="0"/>
            <line number="46" hits="0"/>
            <line number="47" hits="0"/>
            <line number="48" hits="0"/>
            <line number="50" hits="0"/>
            <line number="52" hits="0"/>
            <line number="53" hits="0"/>
            <line number="54" hits="0"/>
            <line number="55" hits="0"/>
            <line number="56" hits="0"/>
            <line number="57" hits="0"/>
            <line number="61" hits="0"/>
            <line number="62" hits="0"/>
            <line number="63" hits="0"/>
            <line number="66" hits="0"/>
            <line number="68" hits="0"/>
            <line number="69" hits="0"/>
            <line number="71" hits="0"/>
            <line number="72" hits="0"/>
          </lines>
        </class>
        <class name="TestCoverageConsole.cpp" filename="a\OpenCppCoverage-ARM64\OpenCppCoverage-ARM64\TestCoverageConsole\TestCoverageConsole.cpp" line-rate="0.16666666666666666" branch-rate="0" complexity="0">
          <methods/>
          <lines>
            <line number="37" hits="0"/>
            <line number="40" hits="0"/>
            <line number="43" hits="0"/>
            <line number="44" hits="0"/>
            <line number="49" hits="0"/>
            <line number="50" hits="0"/>
            <line number="51" hits="0"/>
            <line number="57" hits="1"/>
            <line number="58" hits="1"/>
            <line number="59" hits="0"/>
            <line number="62" hits="1"/>
            <line number="64" hits="1"/>
            <line number="65" hits="1"/>
            <line number="66" hits="0"/>
            <line number="67" hits="0"/>
            <line number="68" hits="0"/>
            <line number="69" hits="0"/>
            <line number="70" hits="0"/>
            <line number="71" hits="0"/>
            <line number="72" hits="0"/>
            <line number="73" hits="0"/>
            <line number="74" hits="0"/>
            <line number="75" hits="0"/>
            <line number="76" hits="0"/>
            <line number="77" hits="0"/>
            <line number="78" hits="0"/>
            <line number="79" hits="0"/>
            <line number="80" hits="0"/>
            <line number="81" hits="0"/>
            <line number="82" hits="0"/>
            <line number="83" hits="0"/>
            <line number="84" hits="0"/>
            <line number="85" hits="0"/>
            <line number="86" hits="0"/>
            <line number="87" hits="0"/>
            <line number="88" hits="0"/>
            <line number="89" hits="0"/>
            <line number="90" hits="0"/>
            <line number="91" hits="0"/>
            <line number="93" hits="0"/>
            <line number="94" hits="1"/>
            <line number="95" hits="1"/>
          </lines>
        </class>
        <class name="TestCoverageConsole.hpp" filename="a\OpenCppCoverage-ARM64\OpenCppCoverage-ARM64\TestCoverageConsole\TestCoverageConsole.hpp" line-rate="0.8666666666666667" branch-rate="0" complexity="0">
          <methods/>
          <lines>
            <line number="38" hits="0"/>
            <line number="39" hits="0"/>
            <line number="54" hits="1"/>
            <line number="55" hits="1"/>
            <line number="56" hits="1"/>
            <line number="57" hits="1"/>
            <line number="58" hits="1"/>
            <line number="59" hits="1"/>
            <line number="60" hits="1"/>
            <line number="61" hits="1"/>
            <line number="62" hits="1"/>
            <line number="63" hits="1"/>
            <line number="64" hits="1"/>
            <line number="65" hits="1"/>
            <line number="66" hits="1"/>
          </lines>
        </class>
        <class name="TestDebugInformationEnumerator.cpp" filename="a\OpenCppCoverage-ARM64\OpenCppCoverage-ARM64\TestCoverageConsole\TestDebugInformationEnumerator.cpp" line-rate="0.66666666666666663" branch-rate="0" complexity="0">
          <methods/>
          <lines>
            <line number="25" hits="1"/>
            <line number="26" hits="1"/>
            <line number="28" hits="0"/>
          </lines>
        </class>
        <class name="TestDiff.cpp" filename="a\OpenCppCoverage-ARM64\OpenCppCoverage-ARM64\TestCoverageConsole\TestDiff.cpp" line-rate="0" branch-rate="0" complexity="0">
          <methods/>
          <lines>
            <line number="23" hits="0"/>
            <line number="24" hits="0"/>
            <line number="25" hits="0"/>
            <line number="26" hits="0"/>
            <line number="27" hits="0"/>
            <line number="28" hits="0"/>
            <line number="29" hits="0"/>
          </lines>
        </class>
        <class name="TestThread.cpp" filename="a\OpenCppCoverage-ARM64\OpenCppCoverage-ARM64\TestCoverageConsole\TestThread.cpp" line-rate="0" branch-rate="0" complexity="0">
          <methods/>
          <lines>
            <line number="27" hits="0"/>
            <line number="28" hits="0"/>
            <line number="29" hits="0"/>
            <line number="30" hits="0"/>
            <line number="32" hits="0"/>
            <line number="33" hits="0"/>
          </lines>
        </class>
      </classes>
    </package>
  </packages>
</coverage>
